<?xml version="1.0" encoding="UTF-8"?>
<!-- Generated by org.testng.reporters.JUnitXMLReporter -->
<testsuite ignored="1" hostname="Dhananjays-MacBook-Air.local" failures="0" tests="3" name="OCN Flow Tests" time="62.279" errors="0" timestamp="2025-04-29T15:52:04 IST">
  <testcase classname="com.blockchain.tests.OnboardingOCNNodeFlowTests" name="verifyDashboardOptionNdesArePresent" time="6.588"/>
  <testcase classname="com.blockchain.tests.OnboardingOCNNodeFlowTests" name="verifyAddingMultipleNodes" time="9.574"/>
  <testcase classname="com.blockchain.tests.OnboardingOCNNodeFlowTests" name="verifyAddingOnboardOCNNode" time="9.25"/>
  <testcase classname="com.blockchain.tests.OnboardingOCNNodeFlowTests" name="verifyLogin" time="0.0">
    <ignored/>
  </testcase> <!-- verifyLogin -->
</testsuite> <!-- OCN Flow Tests -->
