<?xml version="1.0" encoding="UTF-8"?>
<!-- Generated by org.testng.reporters.JUnitXMLReporter -->
<testsuite ignored="0" hostname="Dhananjays-MacBook-Air.local" failures="0" tests="3" name="SignIn Flow Tests" time="41.378" errors="0" timestamp="2025-04-29T15:51:02 IST">
  <testcase classname="com.blockchain.tests.SigninFlowTests" name="verifyLogin" time="5.499"/>
  <testcase classname="com.blockchain.tests.SigninFlowTests" name="verifyLoginWithUnRegisteredEmailAndValidPassword" time="4.194"/>
  <testcase classname="com.blockchain.tests.SigninFlowTests" name="verifyLoginWithValidEmailAndInvalidPassword" time="8.986"/>
</testsuite> <!-- SignIn Flow Tests -->
