<?xml version="1.0" encoding="UTF-8"?>
<!-- Generated by org.testng.reporters.JUnitXMLReporter -->
<testsuite ignored="2" hostname="Dhananjays-MacBook-Air.local" failures="0" tests="2" name="OCN Flow Tests" time="56.426" errors="0" timestamp="2025-04-29T15:20:48 IST">
  <testcase classname="com.blockchain.tests.OnboardingOCNNodeFlowTests" name="verifyDashboardOptionNdesArePresent" time="7.045"/>
  <testcase classname="com.blockchain.tests.OnboardingOCNNodeFlowTests" name="verifyAddingOnboardOCNNode" time="7.904"/>
  <testcase classname="com.blockchain.tests.OnboardingOCNNodeFlowTests" name="verifyLogin" time="0.0">
    <ignored/>
  </testcase> <!-- verifyLogin -->
  <testcase classname="com.blockchain.tests.OnboardingOCNNodeFlowTests" name="verifyAddingMultipleNodes" time="0.0">
    <ignored/>
  </testcase> <!-- verifyAddingMultipleNodes -->
</testsuite> <!-- OCN Flow Tests -->
