<?xml version="1.0" encoding="UTF-8"?>
<!-- Generated by org.testng.reporters.JUnitXMLReporter -->
<testsuite ignored="1" hostname="Dhananjays-MacBook-Air.local" failures="0" tests="2" name="SignIn Flow Tests" time="27.297" errors="0" timestamp="2025-04-29T15:19:52 IST">
  <testcase classname="com.blockchain.tests.SigninFlowTests" name="verifyLogin" time="5.781"/>
  <testcase classname="com.blockchain.tests.SigninFlowTests" name="verifyLoginWithUnRegisteredEmailAndValidPassword" time="3.822"/>
  <testcase classname="com.blockchain.tests.SigninFlowTests" name="verifyLoginWithValidEmailAndInvalidPassword" time="0.0">
    <ignored/>
  </testcase> <!-- verifyLoginWithValidEmailAndInvalidPassword -->
</testsuite> <!-- SignIn Flow Tests -->
