<?xml version="1.0" encoding="UTF-8"?>
<!-- Generated by org.testng.reporters.JUnitXMLReporter -->
<testsuite ignored="4" hostname="Dhananjays-MacBook-Air.local" failures="0" tests="1" name="Signup Tests" time="16.027" errors="0" timestamp="2025-04-29T15:21:05 IST">
  <testcase classname="com.blockchain.tests.SignUpTests" name="verifySingup" time="7.22"/>
  <testcase classname="com.blockchain.tests.SignUpTests" name="verifySingupWithValidEmailAndWeakPassword" time="0.0">
    <ignored/>
  </testcase> <!-- verifySingupWithValidEmailAndWeakPassword -->
  <testcase classname="com.blockchain.tests.SignUpTests" name="verifySingupWithInvalidEmailAndValidPassword" time="0.0">
    <ignored/>
  </testcase> <!-- verifySingupWithInvalidEmailAndValidPassword -->
  <testcase classname="com.blockchain.tests.SignUpTests" name="verifySingupWithExisingUserDetails" time="0.0">
    <ignored/>
  </testcase> <!-- verifySingupWithExisingUserDetails -->
  <testcase classname="com.blockchain.tests.SignUpTests" name="verifySingupWithValidEmailAndWeakPasswordToTakeScreenshot" time="0.0">
    <ignored/>
  </testcase> <!-- verifySingupWithValidEmailAndWeakPasswordToTakeScreenshot -->
</testsuite> <!-- Signup Tests -->
